<?xml version="1.0" encoding="UTF-8"?>
<testng-results ignored="6" total="18" passed="12" failed="0" skipped="0">
  <reporter-output>
    <line>
      <![CDATA[ft1]]>
    </line>
    <line>
      <![CDATA[ft2]]>
    </line>
    <line>
      <![CDATA[ft3]]>
    </line>
    <line>
      <![CDATA[ft4]]>
    </line>
    <line>
      <![CDATA[ft5]]>
    </line>
    <line>
      <![CDATA[ft6]]>
    </line>
    <line>
      <![CDATA[st1]]>
    </line>
    <line>
      <![CDATA[st2]]>
    </line>
    <line>
      <![CDATA[st3]]>
    </line>
    <line>
      <![CDATA[st4]]>
    </line>
    <line>
      <![CDATA[st5]]>
    </line>
    <line>
      <![CDATA[st6]]>
    </line>
  </reporter-output>
  <suite started-at="2022-06-14T09:06:09 IST" name="Suite" finished-at="2022-06-14T09:06:09 IST" duration-ms="355">
    <groups>
      <group name="functional test case">
        <method signature="FlagFGrouping.ft1()[pri:0, instance:TestNG.FlagFGrouping@35047d03]" name="ft1" class="TestNG.FlagFGrouping"/>
        <method signature="FlagFGrouping.ft2()[pri:0, instance:TestNG.FlagFGrouping@35047d03]" name="ft2" class="TestNG.FlagFGrouping"/>
        <method signature="FlagFGrouping.ft3()[pri:0, instance:TestNG.FlagFGrouping@35047d03]" name="ft3" class="TestNG.FlagFGrouping"/>
        <method signature="FlagFGrouping.ft4()[pri:0, instance:TestNG.FlagFGrouping@35047d03]" name="ft4" class="TestNG.FlagFGrouping"/>
        <method signature="FlagFGrouping.ft5()[pri:0, instance:TestNG.FlagFGrouping@35047d03]" name="ft5" class="TestNG.FlagFGrouping"/>
        <method signature="FlagFGrouping.ft6()[pri:0, instance:TestNG.FlagFGrouping@35047d03]" name="ft6" class="TestNG.FlagFGrouping"/>
      </group> <!-- functional test case -->
      <group name="smoke test case">
        <method signature="FlagFGrouping.st1()[pri:0, instance:TestNG.FlagFGrouping@35047d03]" name="st1" class="TestNG.FlagFGrouping"/>
        <method signature="FlagFGrouping.st2()[pri:0, instance:TestNG.FlagFGrouping@35047d03]" name="st2" class="TestNG.FlagFGrouping"/>
        <method signature="FlagFGrouping.st3()[pri:0, instance:TestNG.FlagFGrouping@35047d03]" name="st3" class="TestNG.FlagFGrouping"/>
        <method signature="FlagFGrouping.st4()[pri:0, instance:TestNG.FlagFGrouping@35047d03]" name="st4" class="TestNG.FlagFGrouping"/>
        <method signature="FlagFGrouping.st5()[pri:0, instance:TestNG.FlagFGrouping@35047d03]" name="st5" class="TestNG.FlagFGrouping"/>
        <method signature="FlagFGrouping.st6()[pri:0, instance:TestNG.FlagFGrouping@35047d03]" name="st6" class="TestNG.FlagFGrouping"/>
      </group> <!-- smoke test case -->
    </groups>
    <test started-at="2022-06-14T09:06:09 IST" name="Test" finished-at="2022-06-14T09:06:09 IST" duration-ms="355">
      <class name="TestNG.FlagFGrouping">
        <test-method signature="ft1()[pri:0, instance:TestNG.FlagFGrouping@35047d03]" started-at="2022-06-14T09:06:09 IST" name="ft1" finished-at="2022-06-14T09:06:09 IST" duration-ms="46" status="PASS">
          <reporter-output>
            <line>
              <![CDATA[ft1]]>
            </line>
          </reporter-output>
        </test-method> <!-- ft1 -->
        <test-method signature="ft2()[pri:0, instance:TestNG.FlagFGrouping@35047d03]" started-at="2022-06-14T09:06:09 IST" name="ft2" finished-at="2022-06-14T09:06:09 IST" duration-ms="7" status="PASS">
          <reporter-output>
            <line>
              <![CDATA[ft2]]>
            </line>
          </reporter-output>
        </test-method> <!-- ft2 -->
        <test-method signature="ft3()[pri:0, instance:TestNG.FlagFGrouping@35047d03]" started-at="2022-06-14T09:06:09 IST" name="ft3" finished-at="2022-06-14T09:06:09 IST" duration-ms="9" status="PASS">
          <reporter-output>
            <line>
              <![CDATA[ft3]]>
            </line>
          </reporter-output>
        </test-method> <!-- ft3 -->
        <test-method signature="ft4()[pri:0, instance:TestNG.FlagFGrouping@35047d03]" started-at="2022-06-14T09:06:09 IST" name="ft4" finished-at="2022-06-14T09:06:09 IST" duration-ms="9" status="PASS">
          <reporter-output>
            <line>
              <![CDATA[ft4]]>
            </line>
          </reporter-output>
        </test-method> <!-- ft4 -->
        <test-method signature="ft5()[pri:0, instance:TestNG.FlagFGrouping@35047d03]" started-at="2022-06-14T09:06:09 IST" name="ft5" finished-at="2022-06-14T09:06:09 IST" duration-ms="5" status="PASS">
          <reporter-output>
            <line>
              <![CDATA[ft5]]>
            </line>
          </reporter-output>
        </test-method> <!-- ft5 -->
        <test-method signature="ft6()[pri:0, instance:TestNG.FlagFGrouping@35047d03]" started-at="2022-06-14T09:06:09 IST" name="ft6" finished-at="2022-06-14T09:06:09 IST" duration-ms="13" status="PASS">
          <reporter-output>
            <line>
              <![CDATA[ft6]]>
            </line>
          </reporter-output>
        </test-method> <!-- ft6 -->
        <test-method signature="st1()[pri:0, instance:TestNG.FlagFGrouping@35047d03]" started-at="2022-06-14T09:06:09 IST" name="st1" finished-at="2022-06-14T09:06:09 IST" duration-ms="5" status="PASS">
          <reporter-output>
            <line>
              <![CDATA[st1]]>
            </line>
          </reporter-output>
        </test-method> <!-- st1 -->
        <test-method signature="st2()[pri:0, instance:TestNG.FlagFGrouping@35047d03]" started-at="2022-06-14T09:06:09 IST" name="st2" finished-at="2022-06-14T09:06:09 IST" duration-ms="5" status="PASS">
          <reporter-output>
            <line>
              <![CDATA[st2]]>
            </line>
          </reporter-output>
        </test-method> <!-- st2 -->
        <test-method signature="st3()[pri:0, instance:TestNG.FlagFGrouping@35047d03]" started-at="2022-06-14T09:06:09 IST" name="st3" finished-at="2022-06-14T09:06:09 IST" duration-ms="6" status="PASS">
          <reporter-output>
            <line>
              <![CDATA[st3]]>
            </line>
          </reporter-output>
        </test-method> <!-- st3 -->
        <test-method signature="st4()[pri:0, instance:TestNG.FlagFGrouping@35047d03]" started-at="2022-06-14T09:06:09 IST" name="st4" finished-at="2022-06-14T09:06:09 IST" duration-ms="4" status="PASS">
          <reporter-output>
            <line>
              <![CDATA[st4]]>
            </line>
          </reporter-output>
        </test-method> <!-- st4 -->
        <test-method signature="st5()[pri:0, instance:TestNG.FlagFGrouping@35047d03]" started-at="2022-06-14T09:06:09 IST" name="st5" finished-at="2022-06-14T09:06:09 IST" duration-ms="14" status="PASS">
          <reporter-output>
            <line>
              <![CDATA[st5]]>
            </line>
          </reporter-output>
        </test-method> <!-- st5 -->
        <test-method signature="st6()[pri:0, instance:TestNG.FlagFGrouping@35047d03]" started-at="2022-06-14T09:06:09 IST" name="st6" finished-at="2022-06-14T09:06:09 IST" duration-ms="7" status="PASS">
          <reporter-output>
            <line>
              <![CDATA[st6]]>
            </line>
          </reporter-output>
        </test-method> <!-- st6 -->
      </class> <!-- TestNG.FlagFGrouping -->
    </test> <!-- Test -->
  </suite> <!-- Suite -->
</testng-results>
