<?xml version="1.0" encoding="UTF-8"?>
<!-- Generated by org.testng.reporters.JUnitXMLReporter -->
<testsuite ignored="6" hostname="DESKTOP-DMI2KMV" failures="0" tests="12" name="Test" time="0.355" errors="0" timestamp="2022-06-14T09:06:09 IST">
  <testcase classname="TestNG.FlagFGrouping" name="ft1" time="0.046"/>
  <testcase classname="TestNG.FlagFGrouping" name="ft2" time="0.007"/>
  <testcase classname="TestNG.FlagFGrouping" name="ft3" time="0.009"/>
  <testcase classname="TestNG.FlagFGrouping" name="ft4" time="0.009"/>
  <testcase classname="TestNG.FlagFGrouping" name="ft5" time="0.005"/>
  <testcase classname="TestNG.FlagFGrouping" name="ft6" time="0.013"/>
  <testcase classname="TestNG.FlagFGrouping" name="st1" time="0.005"/>
  <testcase classname="TestNG.FlagFGrouping" name="st2" time="0.005"/>
  <testcase classname="TestNG.FlagFGrouping" name="st3" time="0.006"/>
  <testcase classname="TestNG.FlagFGrouping" name="st4" time="0.004"/>
  <testcase classname="TestNG.FlagFGrouping" name="st5" time="0.014"/>
  <testcase classname="TestNG.FlagFGrouping" name="st6" time="0.007"/>
  <testcase classname="TestNG.FlagFGrouping" name="it4" time="0.0">
    <ignored/>
  </testcase> <!-- it4 -->
  <testcase classname="TestNG.FlagFGrouping" name="it6" time="0.0">
    <ignored/>
  </testcase> <!-- it6 -->
  <testcase classname="TestNG.FlagFGrouping" name="it3" time="0.0">
    <ignored/>
  </testcase> <!-- it3 -->
  <testcase classname="TestNG.FlagFGrouping" name="it1" time="0.0">
    <ignored/>
  </testcase> <!-- it1 -->
  <testcase classname="TestNG.FlagFGrouping" name="it5" time="0.0">
    <ignored/>
  </testcase> <!-- it5 -->
  <testcase classname="TestNG.FlagFGrouping" name="it2" time="0.0">
    <ignored/>
  </testcase> <!-- it2 -->
</testsuite> <!-- Test -->
